<?xml version="1.0" encoding="UTF-8"?>
<testsuite xmlns:xsi="http://www.w3.org/2001/XMLSchema-instance" xsi:noNamespaceSchemaLocation="https://maven.apache.org/surefire/maven-surefire-plugin/xsd/surefire-test-report-3.0.xsd" version="3.0" name="com.ruslanlapka.randllove.RAndLLoveApplicationTests" time="3.35" tests="1" errors="0" skipped="0" failures="0">
  <properties>
[...]
</properties>
  <testcase name="contextLoads" classname="com.ruslanlapka.randllove.RAndLLoveApplicationTests" time="0.352">
    <system-out><![CDATA[00:06:00.407 [main] INFO org.springframework.test.context.support.AnnotationConfigContextLoaderUtils -- Could not detect default configuration classes for test class [com.ruslanlapka.randllove.RAndLLoveApplicationTests]: RAndLLoveApplicationTests does not declare any static, non-private, non-final, nested classes annotated with @Configuration.
00:06:00.475 [main] INFO org.springframework.boot.test.context.SpringBootTestContextBootstrapper -- Found @SpringBootConfiguration com.ruslanlapka.randllove.RAndLLoveApplication for test class com.ruslanlapka.randllove.RAndLLoveApplicationTests

  .   ____          _            __ _ _
 /\\ / ___'_ __ _ _(_)_ __  __ _ \ \ \ \
( ( )\___ | '_ | '_| | '_ \/ _` | \ \ \ \
 \\/  ___)| |_)| | | | | || (_| |  ) ) ) )
  '  |____| .__|_| |_|_| |_\__, | / / / /
 =========|_|==============|___/=/_/_/_/
 :: Spring Boot ::                (v3.1.2)

2023-08-10T00:06:00.763+03:00  INFO 10856 --- [           main] c.r.randllove.RAndLLoveApplicationTests  : Starting RAndLLoveApplicationTests using Java 17.0.8 with PID 10856 (started by rampa in D:\R-and-L-s-Love)
2023-08-10T00:06:00.764+03:00  INFO 10856 --- [           main] c.r.randllove.RAndLLoveApplicationTests  : No active profile set, falling back to 1 default profile: "default"
2023-08-10T00:06:01.189+03:00  INFO 10856 --- [           main] .s.d.r.c.RepositoryConfigurationDelegate : Bootstrapping Spring Data JPA repositories in DEFAULT mode.
2023-08-10T00:06:01.229+03:00  INFO 10856 --- [           main] .s.d.r.c.RepositoryConfigurationDelegate : Finished Spring Data repository scanning in 34 ms. Found 1 JPA repository interfaces.
2023-08-10T00:06:01.556+03:00  INFO 10856 --- [           main] o.hibernate.jpa.internal.util.LogHelper  : HHH000204: Processing PersistenceUnitInfo [name: default]
2023-08-10T00:06:01.597+03:00  INFO 10856 --- [           main] org.hibernate.Version                    : HHH000412: Hibernate ORM core version 6.2.6.Final
2023-08-10T00:06:01.598+03:00  INFO 10856 --- [           main] org.hibernate.cfg.Environment            : HHH000406: Using bytecode reflection optimizer
2023-08-10T00:06:01.745+03:00  INFO 10856 --- [           main] o.h.b.i.BytecodeProviderInitiator        : HHH000021: Bytecode provider name : bytebuddy
2023-08-10T00:06:01.847+03:00  INFO 10856 --- [           main] o.s.o.j.p.SpringPersistenceUnitInfo      : No LoadTimeWeaver setup: ignoring JPA class transformer
2023-08-10T00:06:01.859+03:00  INFO 10856 --- [           main] com.zaxxer.hikari.HikariDataSource       : HikariPool-1 - Starting...
2023-08-10T00:06:02.027+03:00  INFO 10856 --- [           main] com.zaxxer.hikari.pool.HikariPool        : HikariPool-1 - Added connection org.postgresql.jdbc.PgConnection@582a3b19
2023-08-10T00:06:02.029+03:00  INFO 10856 --- [           main] com.zaxxer.hikari.HikariDataSource       : HikariPool-1 - Start completed.
2023-08-10T00:06:02.225+03:00  INFO 10856 --- [           main] o.h.b.i.BytecodeProviderInitiator        : HHH000021: Bytecode provider name : bytebuddy
2023-08-10T00:06:02.708+03:00  INFO 10856 --- [           main] o.h.e.t.j.p.i.JtaPlatformInitiator       : HHH000490: Using JtaPlatform implementation: [org.hibernate.engine.transaction.jta.platform.internal.NoJtaPlatform]
Hibernate: 
    alter table if exists movie 
       alter column her_rating set data type float4
Hibernate: 
    alter table if exists movie 
       alter column his_rating set data type float4
2023-08-10T00:06:02.747+03:00  INFO 10856 --- [           main] j.LocalContainerEntityManagerFactoryBean : Initialized JPA EntityManagerFactory for persistence unit 'default'
2023-08-10T00:06:03.047+03:00  WARN 10856 --- [           main] JpaBaseConfiguration$JpaWebConfiguration : spring.jpa.open-in-view is enabled by default. Therefore, database queries may be performed during view rendering. Explicitly configure spring.jpa.open-in-view to disable this warning
2023-08-10T00:06:03.277+03:00  INFO 10856 --- [           main] c.r.randllove.RAndLLoveApplicationTests  : Started RAndLLoveApplicationTests in 2.686 seconds (process running for 3.391)
]]></system-out>
  </testcase>
</testsuite>